<?xml version="1.0" encoding="UTF-8"?>
<!-- Generated by org.testng.reporters.JUnitReportReporter -->
<testsuite hostname="PRINHYLTPDL1691" failures="0" tests="1" name="LeaveMgmtLoginTest" time="2.494" errors="0" timestamp="2024-09-04T11:47:51 IST" skipped="0">
  <testcase classname="LeaveMgmtLoginTest" name="verifyLogin" time="2.494"/>
</testsuite> <!-- LeaveMgmtLoginTest -->
